[INFO] Scanning for projects...
[INFO] 
[INFO] -----------------------< com.deliverapp:backend >-----------------------
[INFO] Building deliver-backend 0.0.1-SNAPSHOT
[INFO]   from pom.xml
[INFO] --------------------------------[ jar ]---------------------------------
[INFO] 
[INFO] >>> spring-boot:3.3.2:run (default-cli) > test-compile @ backend >>>
[INFO] 
[INFO] --- resources:3.3.1:resources (default-resources) @ backend ---
[INFO] Copying 1 resource from src/main/resources to target/classes
[INFO] Copying 0 resource from src/main/resources to target/classes
[INFO] 
[INFO] --- compiler:3.13.0:compile (default-compile) @ backend ---
[INFO] Nothing to compile - all classes are up to date.
[INFO] 
[INFO] --- resources:3.3.1:testResources (default-testResources) @ backend ---
[INFO] skip non existing resourceDirectory /Users/erenaskin/Desktop/DeliVer-Backend/src/test/resources
[INFO] 
[INFO] --- compiler:3.13.0:testCompile (default-testCompile) @ backend ---
[INFO] Nothing to compile - all classes are up to date.
[INFO] 
[INFO] <<< spring-boot:3.3.2:run (default-cli) < test-compile @ backend <<<
[INFO] 
[INFO] 
[INFO] --- spring-boot:3.3.2:run (default-cli) @ backend ---
[INFO] Attaching agents: []

  .   ____          _            __ _ _
 /\\ / ___'_ __ _ _(_)_ __  __ _ \ \ \ \
( ( )\___ | '_ | '_| | '_ \/ _` | \ \ \ \
 \\/  ___)| |_)| | | | | || (_| |  ) ) ) )
  '  |____| .__|_| |_|_| |_\__, | / / / /
 =========|_|==============|___/=/_/_/_/

 :: Spring Boot ::                (v3.3.2)

2025-10-09T14:24:10.737+03:00  INFO 30991 --- [deliver-backend] [           main] [                                                 ] c.d.backend.DeliverBackendApplication    : Starting DeliverBackendApplication using Java 17.0.16 with PID 30991 (/Users/erenaskin/Desktop/DeliVer-Backend/target/classes started by erenaskin in /Users/erenaskin/Desktop/DeliVer-Backend)
2025-10-09T14:24:10.739+03:00  INFO 30991 --- [deliver-backend] [           main] [                                                 ] c.d.backend.DeliverBackendApplication    : No active profile set, falling back to 1 default profile: "default"
2025-10-09T14:24:11.107+03:00  INFO 30991 --- [deliver-backend] [           main] [                                                 ] .s.d.r.c.RepositoryConfigurationDelegate : Bootstrapping Spring Data JPA repositories in DEFAULT mode.
2025-10-09T14:24:11.137+03:00  INFO 30991 --- [deliver-backend] [           main] [                                                 ] .s.d.r.c.RepositoryConfigurationDelegate : Finished Spring Data repository scanning in 27 ms. Found 15 JPA repository interfaces.
2025-10-09T14:24:11.407+03:00  INFO 30991 --- [deliver-backend] [           main] [                                                 ] o.s.b.w.embedded.tomcat.TomcatWebServer  : Tomcat initialized with port 8080 (http)
2025-10-09T14:24:11.414+03:00  INFO 30991 --- [deliver-backend] [           main] [                                                 ] o.apache.catalina.core.StandardService   : Starting service [Tomcat]
2025-10-09T14:24:11.414+03:00  INFO 30991 --- [deliver-backend] [           main] [                                                 ] o.apache.catalina.core.StandardEngine    : Starting Servlet engine: [Apache Tomcat/10.1.26]
2025-10-09T14:24:11.435+03:00  INFO 30991 --- [deliver-backend] [           main] [                                                 ] o.a.c.c.C.[Tomcat].[localhost].[/]       : Initializing Spring embedded WebApplicationContext
2025-10-09T14:24:11.436+03:00  INFO 30991 --- [deliver-backend] [           main] [                                                 ] w.s.c.ServletWebServerApplicationContext : Root WebApplicationContext: initialization completed in 682 ms
2025-10-09T14:24:11.575+03:00  INFO 30991 --- [deliver-backend] [           main] [                                                 ] o.hibernate.jpa.internal.util.LogHelper  : HHH000204: Processing PersistenceUnitInfo [name: default]
2025-10-09T14:24:11.620+03:00  INFO 30991 --- [deliver-backend] [           main] [                                                 ] org.hibernate.Version                    : HHH000412: Hibernate ORM core version 6.5.2.Final
2025-10-09T14:24:11.664+03:00  INFO 30991 --- [deliver-backend] [           main] [                                                 ] o.h.c.internal.RegionFactoryInitiator    : HHH000026: Second-level cache disabled
2025-10-09T14:24:11.787+03:00  INFO 30991 --- [deliver-backend] [           main] [                                                 ] o.s.o.j.p.SpringPersistenceUnitInfo      : No LoadTimeWeaver setup: ignoring JPA class transformer
2025-10-09T14:24:11.797+03:00  INFO 30991 --- [deliver-backend] [           main] [                                                 ] com.zaxxer.hikari.HikariDataSource       : HikariPool-1 - Starting...
2025-10-09T14:24:11.840+03:00  INFO 30991 --- [deliver-backend] [           main] [                                                 ] com.zaxxer.hikari.pool.HikariPool        : HikariPool-1 - Added connection org.postgresql.jdbc.PgConnection@1fa18f87
2025-10-09T14:24:11.840+03:00  INFO 30991 --- [deliver-backend] [           main] [                                                 ] com.zaxxer.hikari.HikariDataSource       : HikariPool-1 - Start completed.
2025-10-09T14:24:12.352+03:00  INFO 30991 --- [deliver-backend] [           main] [                                                 ] o.h.e.t.j.p.i.JtaPlatformInitiator       : HHH000489: No JTA platform available (set 'hibernate.transaction.jta.platform' to enable JTA platform integration)
Hibernate: 
    alter table if exists cart_items 
       alter column selected_options_json set data type TEXT
Hibernate: 
    alter table if exists categories 
       alter column description set data type TEXT
Hibernate: 
    alter table if exists option_groups 
       alter column description set data type TEXT
Hibernate: 
    alter table if exists order_items 
       alter column product_description set data type TEXT
Hibernate: 
    alter table if exists order_items 
       alter column selected_options set data type TEXT
Hibernate: 
    alter table if exists order_items 
       alter column special_notes set data type TEXT
Hibernate: 
    alter table if exists orders 
       alter column delivery_address set data type TEXT
Hibernate: 
    alter table if exists orders 
       alter column notes set data type TEXT
Hibernate: 
    alter table if exists product_flags 
       alter column description set data type TEXT
Hibernate: 
    alter table if exists products 
       alter column description set data type TEXT
2025-10-09T14:24:12.503+03:00  INFO 30991 --- [deliver-backend] [           main] [                                                 ] j.LocalContainerEntityManagerFactoryBean : Initialized JPA EntityManagerFactory for persistence unit 'default'
2025-10-09T14:24:12.681+03:00  INFO 30991 --- [deliver-backend] [           main] [                                                 ] r$InitializeUserDetailsManagerConfigurer : Global AuthenticationManager configured with UserDetailsService bean with name userDetailsService
2025-10-09T14:24:12.737+03:00  INFO 30991 --- [deliver-backend] [           main] [                                                 ] o.s.d.j.r.query.QueryEnhancerFactory     : Hibernate is in classpath; If applicable, HQL parser will be used.
2025-10-09T14:24:13.231+03:00  INFO 30991 --- [deliver-backend] [           main] [                                                 ] o.s.b.a.e.web.EndpointLinksResolver      : Exposing 1 endpoint beneath base path '/actuator'
2025-10-09T14:24:13.263+03:00 DEBUG 30991 --- [deliver-backend] [           main] [                                                 ] o.s.s.web.DefaultSecurityFilterChain     : Will secure any request with filters: DisableEncodeUrlFilter, WebAsyncManagerIntegrationFilter, SecurityContextHolderFilter, HeaderWriterFilter, CorsFilter, LogoutFilter, JwtAuthenticationFilter, RequestCacheAwareFilter, SecurityContextHolderAwareRequestFilter, AnonymousAuthenticationFilter, SessionManagementFilter, ExceptionTranslationFilter, AuthorizationFilter
2025-10-09T14:24:13.417+03:00  INFO 30991 --- [deliver-backend] [           main] [                                                 ] o.s.b.w.embedded.tomcat.TomcatWebServer  : Tomcat started on port 8080 (http) with context path '/'
2025-10-09T14:24:13.426+03:00  INFO 30991 --- [deliver-backend] [           main] [                                                 ] c.d.backend.DeliverBackendApplication    : Started DeliverBackendApplication in 2.82 seconds (process running for 2.945)
[INFO] ------------------------------------------------------------------------
[INFO] BUILD FAILURE
[INFO] ------------------------------------------------------------------------
[INFO] Total time:  03:10 min
[INFO] Finished at: 2025-10-09T14:27:20+03:00
[INFO] ------------------------------------------------------------------------
[ERROR] Failed to execute goal org.springframework.boot:spring-boot-maven-plugin:3.3.2:run (default-cli) on project backend: Process terminated with exit code: 137 -> [Help 1]
[ERROR] 
[ERROR] To see the full stack trace of the errors, re-run Maven with the -e switch.
[ERROR] Re-run Maven using the -X switch to enable full debug logging.
[ERROR] 
[ERROR] For more information about the errors and possible solutions, please read the following articles:
[ERROR] [Help 1] http://cwiki.apache.org/confluence/display/MAVEN/MojoExecutionException
